  [1m[35m (0.9ms)[0m  [1m[34mSELECT "schema_migrations"."version" FROM "schema_migrations" ORDER BY "schema_migrations"."version" ASC[0m
  [1m[35m (0.2ms)[0m  [1m[34mSELECT "schema_migrations"."version" FROM "schema_migrations" ORDER BY "schema_migrations"."version" ASC[0m
  [1m[35m (141.2ms)[0m  [1m[35mDROP DATABASE IF EXISTS "ROH_development"[0m
  [1m[35m (142.4ms)[0m  [1m[35mDROP DATABASE IF EXISTS "ROH_test"[0m
Started POST "/users" for ::1 at 2019-10-07 11:18:33 -0400
  
ActiveRecord::NoDatabaseError (FATAL:  database "ROH_development" does not exist
):
  
activerecord (6.0.0) lib/active_record/connection_adapters/postgresql_adapter.rb:50:in `rescue in postgresql_connection'
activerecord (6.0.0) lib/active_record/connection_adapters/postgresql_adapter.rb:33:in `postgresql_connection'
activerecord (6.0.0) lib/active_record/connection_adapters/abstract/connection_pool.rb:879:in `new_connection'
activerecord (6.0.0) lib/active_record/connection_adapters/abstract/connection_pool.rb:923:in `checkout_new_connection'
activerecord (6.0.0) lib/active_record/connection_adapters/abstract/connection_pool.rb:902:in `try_to_checkout_new_connection'
activerecord (6.0.0) lib/active_record/connection_adapters/abstract/connection_pool.rb:863:in `acquire_connection'
activerecord (6.0.0) lib/active_record/connection_adapters/abstract/connection_pool.rb:587:in `checkout'
activerecord (6.0.0) lib/active_record/connection_adapters/abstract/connection_pool.rb:431:in `connection'
activerecord (6.0.0) lib/active_record/connection_adapters/abstract/connection_pool.rb:1111:in `retrieve_connection'
activerecord (6.0.0) lib/active_record/connection_handling.rb:231:in `retrieve_connection'
activerecord (6.0.0) lib/active_record/connection_handling.rb:199:in `connection'
activerecord (6.0.0) lib/active_record/migration.rb:562:in `call'
actionpack (6.0.0) lib/action_dispatch/middleware/callbacks.rb:27:in `block in call'
activesupport (6.0.0) lib/active_support/callbacks.rb:101:in `run_callbacks'
actionpack (6.0.0) lib/action_dispatch/middleware/callbacks.rb:26:in `call'
actionpack (6.0.0) lib/action_dispatch/middleware/executor.rb:14:in `call'
actionpack (6.0.0) lib/action_dispatch/middleware/actionable_exceptions.rb:17:in `call'
actionpack (6.0.0) lib/action_dispatch/middleware/debug_exceptions.rb:32:in `call'
actionpack (6.0.0) lib/action_dispatch/middleware/show_exceptions.rb:33:in `call'
railties (6.0.0) lib/rails/rack/logger.rb:38:in `call_app'
railties (6.0.0) lib/rails/rack/logger.rb:26:in `block in call'
activesupport (6.0.0) lib/active_support/tagged_logging.rb:80:in `block in tagged'
activesupport (6.0.0) lib/active_support/tagged_logging.rb:28:in `tagged'
activesupport (6.0.0) lib/active_support/tagged_logging.rb:80:in `tagged'
railties (6.0.0) lib/rails/rack/logger.rb:26:in `call'
actionpack (6.0.0) lib/action_dispatch/middleware/remote_ip.rb:81:in `call'
actionpack (6.0.0) lib/action_dispatch/middleware/request_id.rb:27:in `call'
rack (2.0.7) lib/rack/runtime.rb:22:in `call'
activesupport (6.0.0) lib/active_support/cache/strategy/local_cache_middleware.rb:29:in `call'
actionpack (6.0.0) lib/action_dispatch/middleware/executor.rb:14:in `call'
actionpack (6.0.0) lib/action_dispatch/middleware/static.rb:126:in `call'
rack (2.0.7) lib/rack/sendfile.rb:111:in `call'
actionpack (6.0.0) lib/action_dispatch/middleware/host_authorization.rb:83:in `call'
railties (6.0.0) lib/rails/engine.rb:526:in `call'
puma (3.12.1) lib/puma/configuration.rb:227:in `call'
puma (3.12.1) lib/puma/server.rb:660:in `handle_request'
puma (3.12.1) lib/puma/server.rb:474:in `process_client'
puma (3.12.1) lib/puma/server.rb:334:in `block in run'
puma (3.12.1) lib/puma/thread_pool.rb:135:in `block in spawn_thread'
  [1m[35m (410.1ms)[0m  [1m[35mCREATE DATABASE "ROH_development" ENCODING = 'unicode'[0m
  [1m[35m (344.4ms)[0m  [1m[35mCREATE DATABASE "ROH_test" ENCODING = 'unicode'[0m
  [1m[35m (4.8ms)[0m  [1m[35mCREATE TABLE "schema_migrations" ("version" character varying NOT NULL PRIMARY KEY)[0m
  [1m[35m (2.4ms)[0m  [1m[35mCREATE TABLE "ar_internal_metadata" ("key" character varying NOT NULL PRIMARY KEY, "value" character varying, "created_at" timestamp(6) NOT NULL, "updated_at" timestamp(6) NOT NULL)[0m
  [1m[35m (0.2ms)[0m  [1m[34mSELECT pg_try_advisory_lock(7883044359825756870)[0m
  [1m[35m (0.6ms)[0m  [1m[34mSELECT "schema_migrations"."version" FROM "schema_migrations" ORDER BY "schema_migrations"."version" ASC[0m
Migrating to CreateUsers (20191007151145)
  [1m[35m (0.2ms)[0m  [1m[35mBEGIN[0m
  [1m[35m (4.8ms)[0m  [1m[35mCREATE TABLE "users" ("id" bigserial primary key, "username" character varying, "email" character varying, "password_digest" character varying, "created_at" timestamp(6) NOT NULL, "updated_at" timestamp(6) NOT NULL)[0m
  [1m[36mprimary::SchemaMigration Create (0.5ms)[0m  [1m[32mINSERT INTO "schema_migrations" ("version") VALUES ($1) RETURNING "version"[0m  [["version", "20191007151145"]]
  [1m[35m (0.4ms)[0m  [1m[35mCOMMIT[0m
  [1m[36mActiveRecord::InternalMetadata Load (0.4ms)[0m  [1m[34mSELECT "ar_internal_metadata".* FROM "ar_internal_metadata" WHERE "ar_internal_metadata"."key" = $1 LIMIT $2[0m  [["key", "environment"], ["LIMIT", 1]]
  [1m[35m (0.2ms)[0m  [1m[35mBEGIN[0m
  [1m[36mActiveRecord::InternalMetadata Create (0.5ms)[0m  [1m[32mINSERT INTO "ar_internal_metadata" ("key", "value", "created_at", "updated_at") VALUES ($1, $2, $3, $4) RETURNING "key"[0m  [["key", "environment"], ["value", "development"], ["created_at", "2019-10-07 15:18:58.303484"], ["updated_at", "2019-10-07 15:18:58.303484"]]
  [1m[35m (0.4ms)[0m  [1m[35mCOMMIT[0m
  [1m[35m (0.3ms)[0m  [1m[34mSELECT pg_advisory_unlock(7883044359825756870)[0m
  [1m[35m (1.3ms)[0m  [1m[34mSELECT "schema_migrations"."version" FROM "schema_migrations" ORDER BY "schema_migrations"."version" ASC[0m
Started POST "/users" for ::1 at 2019-10-07 11:19:04 -0400
  [1m[35m (1.3ms)[0m  [1m[34mSELECT "schema_migrations"."version" FROM "schema_migrations" ORDER BY "schema_migrations"."version" ASC[0m
Processing by UsersController#create as */*
  Parameters: {"username"=>"will", "email"=>"will@iam.com", "password"=>"[FILTERED]", "user"=>{"username"=>"will", "email"=>"will@iam.com"}}
  [1m[35m (0.2ms)[0m  [1m[35mBEGIN[0m
  ↳ app/controllers/users_controller.rb:21:in `create'
  [1m[36mUser Exists? (0.8ms)[0m  [1m[34mSELECT 1 AS one FROM "users" WHERE "users"."username" = $1 LIMIT $2[0m  [["username", "will"], ["LIMIT", 1]]
  ↳ app/controllers/users_controller.rb:21:in `create'
  [1m[36mUser Exists? (0.4ms)[0m  [1m[34mSELECT 1 AS one FROM "users" WHERE "users"."email" = $1 LIMIT $2[0m  [["email", "will@iam.com"], ["LIMIT", 1]]
  ↳ app/controllers/users_controller.rb:21:in `create'
  [1m[35m (0.3ms)[0m  [1m[31mROLLBACK[0m
  ↳ app/controllers/users_controller.rb:21:in `create'
Completed 422 Unprocessable Entity in 36ms (Views: 0.7ms | ActiveRecord: 9.4ms | Allocations: 11354)


Started POST "/users" for ::1 at 2019-10-07 11:20:24 -0400
Processing by UsersController#create as */*
  Parameters: {"username"=>"will", "email"=>"will@iam.com", "password"=>"[FILTERED]", "user"=>{"username"=>"will", "email"=>"will@iam.com"}}
  [1m[35m (0.3ms)[0m  [1m[35mBEGIN[0m
  ↳ app/controllers/users_controller.rb:21:in `create'
  [1m[36mUser Exists? (0.6ms)[0m  [1m[34mSELECT 1 AS one FROM "users" WHERE "users"."username" = $1 LIMIT $2[0m  [["username", "will"], ["LIMIT", 1]]
  ↳ app/controllers/users_controller.rb:21:in `create'
  [1m[36mUser Exists? (1.5ms)[0m  [1m[34mSELECT 1 AS one FROM "users" WHERE "users"."email" = $1 LIMIT $2[0m  [["email", "will@iam.com"], ["LIMIT", 1]]
  ↳ app/controllers/users_controller.rb:21:in `create'
  [1m[35m (0.5ms)[0m  [1m[31mROLLBACK[0m
  ↳ app/controllers/users_controller.rb:21:in `create'
Completed 422 Unprocessable Entity in 16ms (Views: 0.1ms | ActiveRecord: 2.8ms | Allocations: 4051)


Started POST "/" for ::1 at 2019-10-07 11:20:53 -0400
  
ActionController::RoutingError (No route matches [POST] "/"):
  
actionpack (6.0.0) lib/action_dispatch/middleware/debug_exceptions.rb:36:in `call'
actionpack (6.0.0) lib/action_dispatch/middleware/show_exceptions.rb:33:in `call'
railties (6.0.0) lib/rails/rack/logger.rb:38:in `call_app'
railties (6.0.0) lib/rails/rack/logger.rb:26:in `block in call'
activesupport (6.0.0) lib/active_support/tagged_logging.rb:80:in `block in tagged'
activesupport (6.0.0) lib/active_support/tagged_logging.rb:28:in `tagged'
activesupport (6.0.0) lib/active_support/tagged_logging.rb:80:in `tagged'
railties (6.0.0) lib/rails/rack/logger.rb:26:in `call'
actionpack (6.0.0) lib/action_dispatch/middleware/remote_ip.rb:81:in `call'
actionpack (6.0.0) lib/action_dispatch/middleware/request_id.rb:27:in `call'
rack (2.0.7) lib/rack/runtime.rb:22:in `call'
activesupport (6.0.0) lib/active_support/cache/strategy/local_cache_middleware.rb:29:in `call'
actionpack (6.0.0) lib/action_dispatch/middleware/executor.rb:14:in `call'
actionpack (6.0.0) lib/action_dispatch/middleware/static.rb:126:in `call'
rack (2.0.7) lib/rack/sendfile.rb:111:in `call'
actionpack (6.0.0) lib/action_dispatch/middleware/host_authorization.rb:83:in `call'
railties (6.0.0) lib/rails/engine.rb:526:in `call'
puma (3.12.1) lib/puma/configuration.rb:227:in `call'
puma (3.12.1) lib/puma/server.rb:660:in `handle_request'
puma (3.12.1) lib/puma/server.rb:474:in `process_client'
puma (3.12.1) lib/puma/server.rb:334:in `block in run'
puma (3.12.1) lib/puma/thread_pool.rb:135:in `block in spawn_thread'
Started GET "/" for ::1 at 2019-10-07 11:20:56 -0400
Processing by Rails::WelcomeController#index as */*
  Parameters: {"welcome"=>{}}
  Rendering /Users/mMmCheesecake/.rbenv/versions/2.6.3/lib/ruby/gems/2.6.0/gems/railties-6.0.0/lib/rails/templates/rails/welcome/index.html.erb
  Rendered /Users/mMmCheesecake/.rbenv/versions/2.6.3/lib/ruby/gems/2.6.0/gems/railties-6.0.0/lib/rails/templates/rails/welcome/index.html.erb (Duration: 10.9ms | Allocations: 489)
Completed 200 OK in 26ms (Views: 18.0ms | ActiveRecord: 0.0ms | Allocations: 2732)


Started POST "/users" for ::1 at 2019-10-07 11:22:51 -0400
Processing by UsersController#create as */*
  Parameters: {"username"=>"will", "email"=>"will@iam.com", "password_digest"=>"[FILTERED]", "user"=>{"username"=>"will", "email"=>"will@iam.com", "password_digest"=>"[FILTERED]"}}
[31mUnpermitted parameter: :password_digest[0m
  [1m[35m (0.2ms)[0m  [1m[35mBEGIN[0m
  ↳ app/controllers/users_controller.rb:21:in `create'
  [1m[36mUser Exists? (0.4ms)[0m  [1m[34mSELECT 1 AS one FROM "users" WHERE "users"."username" = $1 LIMIT $2[0m  [["username", "will"], ["LIMIT", 1]]
  ↳ app/controllers/users_controller.rb:21:in `create'
  [1m[36mUser Exists? (0.3ms)[0m  [1m[34mSELECT 1 AS one FROM "users" WHERE "users"."email" = $1 LIMIT $2[0m  [["email", "will@iam.com"], ["LIMIT", 1]]
  ↳ app/controllers/users_controller.rb:21:in `create'
  [1m[35m (0.2ms)[0m  [1m[31mROLLBACK[0m
  ↳ app/controllers/users_controller.rb:21:in `create'
Completed 422 Unprocessable Entity in 16ms (Views: 0.2ms | ActiveRecord: 1.1ms | Allocations: 4085)


Started POST "/users" for ::1 at 2019-10-07 11:24:39 -0400
Processing by UsersController#create as */*
  Parameters: {"username"=>"will", "email"=>"will@iam.com", "password_digest"=>"[FILTERED]", "user"=>{"username"=>"will", "email"=>"will@iam.com", "password_digest"=>"[FILTERED]"}}
[31mUnpermitted parameter: :password_digest[0m
  [1m[35m (0.5ms)[0m  [1m[35mBEGIN[0m
  ↳ app/controllers/users_controller.rb:21:in `create'
  [1m[36mUser Exists? (0.3ms)[0m  [1m[34mSELECT 1 AS one FROM "users" WHERE "users"."username" = $1 LIMIT $2[0m  [["username", "will"], ["LIMIT", 1]]
  ↳ app/controllers/users_controller.rb:21:in `create'
  [1m[36mUser Exists? (0.4ms)[0m  [1m[34mSELECT 1 AS one FROM "users" WHERE "users"."email" = $1 LIMIT $2[0m  [["email", "will@iam.com"], ["LIMIT", 1]]
  ↳ app/controllers/users_controller.rb:21:in `create'
  [1m[35m (0.2ms)[0m  [1m[31mROLLBACK[0m
  ↳ app/controllers/users_controller.rb:21:in `create'
Completed 422 Unprocessable Entity in 14ms (Views: 0.2ms | ActiveRecord: 1.4ms | Allocations: 4065)


Started POST "/users" for ::1 at 2019-10-07 11:24:41 -0400
Processing by UsersController#create as */*
Completed 400 Bad Request in 1ms (ActiveRecord: 0.0ms | Allocations: 127)


  
ActionController::ParameterMissing (param is missing or the value is empty: user):
  
app/controllers/users_controller.rb:51:in `user_params'
app/controllers/users_controller.rb:19:in `create'
Started POST "/users" for ::1 at 2019-10-07 11:25:02 -0400
Processing by UsersController#create as */*
Completed 400 Bad Request in 0ms (ActiveRecord: 0.0ms | Allocations: 119)


  
ActionController::ParameterMissing (param is missing or the value is empty: user):
  
app/controllers/users_controller.rb:51:in `user_params'
app/controllers/users_controller.rb:19:in `create'
Started POST "/users" for ::1 at 2019-10-07 11:25:09 -0400
Processing by UsersController#create as */*
  Parameters: {"user"=>{}}
Completed 400 Bad Request in 1ms (ActiveRecord: 0.0ms | Allocations: 131)


  
ActionController::ParameterMissing (param is missing or the value is empty: user):
  
app/controllers/users_controller.rb:51:in `user_params'
app/controllers/users_controller.rb:19:in `create'
Started POST "/users" for ::1 at 2019-10-07 11:25:33 -0400
Processing by UsersController#create as */*
  Parameters: {"username"=>"will", "email"=>"will@iam.com", "password_digest"=>"[FILTERED]", "user"=>{"username"=>"will", "email"=>"will@iam.com", "password_digest"=>"[FILTERED]"}}
[31mUnpermitted parameter: :password_digest[0m
  [1m[35m (0.4ms)[0m  [1m[35mBEGIN[0m
  ↳ app/controllers/users_controller.rb:21:in `create'
  [1m[36mUser Exists? (0.3ms)[0m  [1m[34mSELECT 1 AS one FROM "users" WHERE "users"."username" = $1 LIMIT $2[0m  [["username", "will"], ["LIMIT", 1]]
  ↳ app/controllers/users_controller.rb:21:in `create'
  [1m[36mUser Exists? (0.3ms)[0m  [1m[34mSELECT 1 AS one FROM "users" WHERE "users"."email" = $1 LIMIT $2[0m  [["email", "will@iam.com"], ["LIMIT", 1]]
  ↳ app/controllers/users_controller.rb:21:in `create'
  [1m[35m (0.2ms)[0m  [1m[31mROLLBACK[0m
  ↳ app/controllers/users_controller.rb:21:in `create'
Completed 422 Unprocessable Entity in 9ms (Views: 0.1ms | ActiveRecord: 1.2ms | Allocations: 4082)


Started POST "/users" for ::1 at 2019-10-07 11:28:37 -0400
Processing by UsersController#create as */*
  Parameters: {"username"=>"will", "email"=>"will@iam.com", "password_digest"=>"[FILTERED]", "user"=>{"username"=>"will", "email"=>"will@iam.com", "password_digest"=>"[FILTERED]"}}
[31mUnpermitted parameter: :password_digest[0m
  [1m[35m (0.1ms)[0m  [1m[35mBEGIN[0m
  ↳ app/controllers/users_controller.rb:21:in `create'
  [1m[36mUser Exists? (0.3ms)[0m  [1m[34mSELECT 1 AS one FROM "users" WHERE "users"."username" = $1 LIMIT $2[0m  [["username", "will"], ["LIMIT", 1]]
  ↳ app/controllers/users_controller.rb:21:in `create'
  [1m[36mUser Exists? (0.4ms)[0m  [1m[34mSELECT 1 AS one FROM "users" WHERE "users"."email" = $1 LIMIT $2[0m  [["email", "will@iam.com"], ["LIMIT", 1]]
  ↳ app/controllers/users_controller.rb:21:in `create'
  [1m[35m (1.0ms)[0m  [1m[31mROLLBACK[0m
  ↳ app/controllers/users_controller.rb:21:in `create'
Completed 422 Unprocessable Entity in 10ms (Views: 0.2ms | ActiveRecord: 1.8ms | Allocations: 4065)


Started POST "/users" for ::1 at 2019-10-07 11:31:07 -0400
Processing by UsersController#create as */*
  Parameters: {"username"=>"will", "email"=>"will@iam.com", "password_digest"=>"[FILTERED]", "user"=>{"username"=>"will", "email"=>"will@iam.com", "password_digest"=>"[FILTERED]"}}
[31mUnpermitted parameter: :password_digest[0m
  [1m[35m (0.2ms)[0m  [1m[35mBEGIN[0m
  ↳ app/controllers/users_controller.rb:21:in `create'
  [1m[36mUser Exists? (0.4ms)[0m  [1m[34mSELECT 1 AS one FROM "users" WHERE "users"."username" = $1 LIMIT $2[0m  [["username", "will"], ["LIMIT", 1]]
  ↳ app/controllers/users_controller.rb:21:in `create'
  [1m[36mUser Exists? (0.3ms)[0m  [1m[34mSELECT 1 AS one FROM "users" WHERE "users"."email" = $1 LIMIT $2[0m  [["email", "will@iam.com"], ["LIMIT", 1]]
  ↳ app/controllers/users_controller.rb:21:in `create'
  [1m[35m (0.2ms)[0m  [1m[31mROLLBACK[0m
  ↳ app/controllers/users_controller.rb:21:in `create'
Completed 422 Unprocessable Entity in 6ms (Views: 0.1ms | ActiveRecord: 0.9ms | Allocations: 4065)


Started POST "/users" for ::1 at 2019-10-07 11:31:16 -0400
Processing by UsersController#create as */*
  Parameters: {"username"=>"will", "email"=>"will@iam.com", "password_digest"=>"[FILTERED]", "user"=>{"username"=>"will", "email"=>"will@iam.com", "password_digest"=>"[FILTERED]"}}
[31mUnpermitted parameter: :password_digest[0m
  [1m[35m (0.2ms)[0m  [1m[35mBEGIN[0m
  ↳ app/controllers/users_controller.rb:21:in `create'
  [1m[36mUser Exists? (0.7ms)[0m  [1m[34mSELECT 1 AS one FROM "users" WHERE "users"."username" = $1 LIMIT $2[0m  [["username", "will"], ["LIMIT", 1]]
  ↳ app/controllers/users_controller.rb:21:in `create'
  [1m[36mUser Exists? (0.3ms)[0m  [1m[34mSELECT 1 AS one FROM "users" WHERE "users"."email" = $1 LIMIT $2[0m  [["email", "will@iam.com"], ["LIMIT", 1]]
  ↳ app/controllers/users_controller.rb:21:in `create'
  [1m[35m (0.1ms)[0m  [1m[31mROLLBACK[0m
  ↳ app/controllers/users_controller.rb:21:in `create'
Completed 422 Unprocessable Entity in 20ms (Views: 0.2ms | ActiveRecord: 4.9ms | Allocations: 7289)


Started POST "/users" for ::1 at 2019-10-07 11:31:24 -0400
Processing by UsersController#create as */*
  Parameters: {"username"=>"will", "email"=>"will@iam.com", "password"=>"[FILTERED]", "user"=>{"username"=>"will", "email"=>"will@iam.com"}}
  [1m[35m (0.2ms)[0m  [1m[35mBEGIN[0m
  ↳ app/controllers/users_controller.rb:21:in `create'
  [1m[36mUser Exists? (0.3ms)[0m  [1m[34mSELECT 1 AS one FROM "users" WHERE "users"."username" = $1 LIMIT $2[0m  [["username", "will"], ["LIMIT", 1]]
  ↳ app/controllers/users_controller.rb:21:in `create'
  [1m[36mUser Exists? (0.3ms)[0m  [1m[34mSELECT 1 AS one FROM "users" WHERE "users"."email" = $1 LIMIT $2[0m  [["email", "will@iam.com"], ["LIMIT", 1]]
  ↳ app/controllers/users_controller.rb:21:in `create'
  [1m[35m (0.5ms)[0m  [1m[31mROLLBACK[0m
  ↳ app/controllers/users_controller.rb:21:in `create'
Completed 422 Unprocessable Entity in 8ms (Views: 0.1ms | ActiveRecord: 1.3ms | Allocations: 3720)


Started POST "/users" for ::1 at 2019-10-07 11:32:27 -0400
Error occurred while parsing request parameters.
Contents:

{
	"username": "will",
	"email": "will@iam.com",
	"password": "willIam"
};
  
ActionDispatch::Http::Parameters::ParseError (767: unexpected token at ';'):
  
actionpack (6.0.0) lib/action_dispatch/http/parameters.rb:115:in `rescue in parse_formatted_parameters'
actionpack (6.0.0) lib/action_dispatch/http/parameters.rb:111:in `parse_formatted_parameters'
actionpack (6.0.0) lib/action_dispatch/http/request.rb:381:in `block in POST'
rack (2.0.7) lib/rack/request.rb:59:in `fetch'
rack (2.0.7) lib/rack/request.rb:59:in `fetch_header'
actionpack (6.0.0) lib/action_dispatch/http/request.rb:380:in `POST'
actionpack (6.0.0) lib/action_dispatch/http/parameters.rb:55:in `parameters'
actionpack (6.0.0) lib/action_controller/metal/params_wrapper.rb:279:in `_wrapper_enabled?'
actionpack (6.0.0) lib/action_controller/metal/params_wrapper.rb:244:in `process_action'
activerecord (6.0.0) lib/active_record/railties/controller_runtime.rb:27:in `process_action'
actionpack (6.0.0) lib/abstract_controller/base.rb:136:in `process'
actionpack (6.0.0) lib/action_controller/metal.rb:191:in `dispatch'
actionpack (6.0.0) lib/action_controller/metal.rb:252:in `dispatch'
actionpack (6.0.0) lib/action_dispatch/routing/route_set.rb:51:in `dispatch'
actionpack (6.0.0) lib/action_dispatch/routing/route_set.rb:33:in `serve'
actionpack (6.0.0) lib/action_dispatch/journey/router.rb:49:in `block in serve'
actionpack (6.0.0) lib/action_dispatch/journey/router.rb:32:in `each'
actionpack (6.0.0) lib/action_dispatch/journey/router.rb:32:in `serve'
actionpack (6.0.0) lib/action_dispatch/routing/route_set.rb:837:in `call'
rack (2.0.7) lib/rack/etag.rb:25:in `call'
rack (2.0.7) lib/rack/conditional_get.rb:38:in `call'
rack (2.0.7) lib/rack/head.rb:12:in `call'
activerecord (6.0.0) lib/active_record/migration.rb:567:in `call'
actionpack (6.0.0) lib/action_dispatch/middleware/callbacks.rb:27:in `block in call'
activesupport (6.0.0) lib/active_support/callbacks.rb:101:in `run_callbacks'
actionpack (6.0.0) lib/action_dispatch/middleware/callbacks.rb:26:in `call'
actionpack (6.0.0) lib/action_dispatch/middleware/executor.rb:14:in `call'
actionpack (6.0.0) lib/action_dispatch/middleware/actionable_exceptions.rb:17:in `call'
actionpack (6.0.0) lib/action_dispatch/middleware/debug_exceptions.rb:32:in `call'
actionpack (6.0.0) lib/action_dispatch/middleware/show_exceptions.rb:33:in `call'
railties (6.0.0) lib/rails/rack/logger.rb:38:in `call_app'
railties (6.0.0) lib/rails/rack/logger.rb:26:in `block in call'
activesupport (6.0.0) lib/active_support/tagged_logging.rb:80:in `block in tagged'
activesupport (6.0.0) lib/active_support/tagged_logging.rb:28:in `tagged'
activesupport (6.0.0) lib/active_support/tagged_logging.rb:80:in `tagged'
railties (6.0.0) lib/rails/rack/logger.rb:26:in `call'
actionpack (6.0.0) lib/action_dispatch/middleware/remote_ip.rb:81:in `call'
actionpack (6.0.0) lib/action_dispatch/middleware/request_id.rb:27:in `call'
rack (2.0.7) lib/rack/runtime.rb:22:in `call'
activesupport (6.0.0) lib/active_support/cache/strategy/local_cache_middleware.rb:29:in `call'
actionpack (6.0.0) lib/action_dispatch/middleware/executor.rb:14:in `call'
actionpack (6.0.0) lib/action_dispatch/middleware/static.rb:126:in `call'
rack (2.0.7) lib/rack/sendfile.rb:111:in `call'
actionpack (6.0.0) lib/action_dispatch/middleware/host_authorization.rb:83:in `call'
railties (6.0.0) lib/rails/engine.rb:526:in `call'
puma (3.12.1) lib/puma/configuration.rb:227:in `call'
puma (3.12.1) lib/puma/server.rb:660:in `handle_request'
puma (3.12.1) lib/puma/server.rb:474:in `process_client'
puma (3.12.1) lib/puma/server.rb:334:in `block in run'
puma (3.12.1) lib/puma/thread_pool.rb:135:in `block in spawn_thread'
Error occurred while parsing request parameters.
Contents:

{
	"username": "will",
	"email": "will@iam.com",
	"password": "willIam"
};
Started POST "/users" for ::1 at 2019-10-07 11:32:32 -0400
Processing by UsersController#create as */*
  Parameters: {"username"=>"will", "email"=>"will@iam.com", "password"=>"[FILTERED]", "user"=>{"username"=>"will", "email"=>"will@iam.com"}}
  [1m[35m (0.3ms)[0m  [1m[35mBEGIN[0m
  ↳ app/controllers/users_controller.rb:21:in `create'
  [1m[36mUser Exists? (0.3ms)[0m  [1m[34mSELECT 1 AS one FROM "users" WHERE "users"."username" = $1 LIMIT $2[0m  [["username", "will"], ["LIMIT", 1]]
  ↳ app/controllers/users_controller.rb:21:in `create'
  [1m[36mUser Exists? (0.4ms)[0m  [1m[34mSELECT 1 AS one FROM "users" WHERE "users"."email" = $1 LIMIT $2[0m  [["email", "will@iam.com"], ["LIMIT", 1]]
  ↳ app/controllers/users_controller.rb:21:in `create'
  [1m[35m (0.2ms)[0m  [1m[31mROLLBACK[0m
  ↳ app/controllers/users_controller.rb:21:in `create'
Completed 422 Unprocessable Entity in 8ms (Views: 0.1ms | ActiveRecord: 1.1ms | Allocations: 3719)


Started POST "/users" for ::1 at 2019-10-07 11:32:52 -0400
Processing by UsersController#create as */*
  Parameters: {"username"=>"will", "email"=>"will@iam.com", "password"=>"[FILTERED]", "user"=>{"username"=>"will", "email"=>"will@iam.com"}}
  [1m[35m (0.2ms)[0m  [1m[35mBEGIN[0m
  ↳ app/controllers/users_controller.rb:21:in `create'
  [1m[36mUser Exists? (0.3ms)[0m  [1m[34mSELECT 1 AS one FROM "users" WHERE "users"."username" = $1 LIMIT $2[0m  [["username", "will"], ["LIMIT", 1]]
  ↳ app/controllers/users_controller.rb:21:in `create'
  [1m[36mUser Exists? (0.3ms)[0m  [1m[34mSELECT 1 AS one FROM "users" WHERE "users"."email" = $1 LIMIT $2[0m  [["email", "will@iam.com"], ["LIMIT", 1]]
  ↳ app/controllers/users_controller.rb:21:in `create'
  [1m[35m (0.2ms)[0m  [1m[31mROLLBACK[0m
  ↳ app/controllers/users_controller.rb:21:in `create'
Completed 422 Unprocessable Entity in 13ms (Views: 0.2ms | ActiveRecord: 3.8ms | Allocations: 7563)


Started POST "/users" for ::1 at 2019-10-07 11:33:19 -0400
Processing by UsersController#create as */*
  Parameters: {"username"=>"will", "email"=>"will@iam.com", "password"=>"[FILTERED]", "user"=>{"username"=>"will", "email"=>"will@iam.com"}}
  [1m[35m (0.2ms)[0m  [1m[35mBEGIN[0m
  ↳ app/controllers/users_controller.rb:21:in `create'
  [1m[36mUser Exists? (0.3ms)[0m  [1m[34mSELECT 1 AS one FROM "users" WHERE "users"."username" = $1 LIMIT $2[0m  [["username", "will"], ["LIMIT", 1]]
  ↳ app/controllers/users_controller.rb:21:in `create'
  [1m[36mUser Exists? (0.3ms)[0m  [1m[34mSELECT 1 AS one FROM "users" WHERE "users"."email" = $1 LIMIT $2[0m  [["email", "will@iam.com"], ["LIMIT", 1]]
  ↳ app/controllers/users_controller.rb:21:in `create'
  [1m[35m (0.2ms)[0m  [1m[31mROLLBACK[0m
  ↳ app/controllers/users_controller.rb:21:in `create'
Completed 422 Unprocessable Entity in 14ms (Views: 0.2ms | ActiveRecord: 4.3ms | Allocations: 7541)


Started POST "/users" for ::1 at 2019-10-07 11:36:48 -0400
Processing by UsersController#create as */*
  Parameters: {"username"=>"will", "email"=>"will@iam.com", "password"=>"[FILTERED]", "user"=>{"username"=>"will", "email"=>"will@iam.com"}}
  [1m[35m (0.2ms)[0m  [1m[35mBEGIN[0m
  ↳ app/controllers/users_controller.rb:21:in `create'
  [1m[36mUser Exists? (0.3ms)[0m  [1m[34mSELECT 1 AS one FROM "users" WHERE "users"."username" = $1 LIMIT $2[0m  [["username", "will"], ["LIMIT", 1]]
  ↳ app/controllers/users_controller.rb:21:in `create'
  [1m[36mUser Exists? (0.2ms)[0m  [1m[34mSELECT 1 AS one FROM "users" WHERE "users"."email" = $1 LIMIT $2[0m  [["email", "will@iam.com"], ["LIMIT", 1]]
  ↳ app/controllers/users_controller.rb:21:in `create'
  [1m[35m (0.1ms)[0m  [1m[31mROLLBACK[0m
  ↳ app/controllers/users_controller.rb:21:in `create'
Completed 422 Unprocessable Entity in 13ms (Views: 0.1ms | ActiveRecord: 3.8ms | Allocations: 7563)


Started POST "/users" for ::1 at 2019-10-07 11:37:43 -0400
Processing by UsersController#create as */*
  Parameters: {"user"=>{"username"=>"will", "email"=>"will@iam.com", "password"=>"[FILTERED]"}}
  [1m[35m (0.2ms)[0m  [1m[35mBEGIN[0m
  ↳ app/controllers/users_controller.rb:21:in `create'
  [1m[36mUser Exists? (0.3ms)[0m  [1m[34mSELECT 1 AS one FROM "users" WHERE "users"."username" = $1 LIMIT $2[0m  [["username", "will"], ["LIMIT", 1]]
  ↳ app/controllers/users_controller.rb:21:in `create'
  [1m[36mUser Exists? (0.3ms)[0m  [1m[34mSELECT 1 AS one FROM "users" WHERE "users"."email" = $1 LIMIT $2[0m  [["email", "will@iam.com"], ["LIMIT", 1]]
  ↳ app/controllers/users_controller.rb:21:in `create'
  [1m[36mUser Create (2.4ms)[0m  [1m[32mINSERT INTO "users" ("username", "email", "password_digest", "created_at", "updated_at") VALUES ($1, $2, $3, $4, $5) RETURNING "id"[0m  [["username", "will"], ["email", "will@iam.com"], ["password_digest", "$2a$12$a7o/58SEae1dcKme2fcDveRZs8WaKqEhpxuhbH0BZ7Fcs.dpnPBuG"], ["created_at", "2019-10-07 15:37:43.903817"], ["updated_at", "2019-10-07 15:37:43.903817"]]
  ↳ app/controllers/users_controller.rb:21:in `create'
  [1m[35m (0.4ms)[0m  [1m[35mCOMMIT[0m
  ↳ app/controllers/users_controller.rb:21:in `create'
Completed 201 Created in 266ms (Views: 1.1ms | ActiveRecord: 3.5ms | Allocations: 4457)


