  [1m[35m (589.9ms)[0m  [1m[35mCREATE DATABASE "character_creation_development" ENCODING = 'unicode'[0m
  [1m[35m (452.5ms)[0m  [1m[35mCREATE DATABASE "character_creation_test" ENCODING = 'unicode'[0m
  [1m[35m (20.8ms)[0m  [1m[35mCREATE TABLE "schema_migrations" ("version" character varying NOT NULL PRIMARY KEY)[0m
  [1m[35m (35.0ms)[0m  [1m[35mCREATE TABLE "ar_internal_metadata" ("key" character varying NOT NULL PRIMARY KEY, "value" character varying, "created_at" timestamp(6) NOT NULL, "updated_at" timestamp(6) NOT NULL)[0m
  [1m[35m (0.9ms)[0m  [1m[34mSELECT pg_try_advisory_lock(474174990909085830)[0m
  [1m[35m (1.0ms)[0m  [1m[34mSELECT "schema_migrations"."version" FROM "schema_migrations" ORDER BY "schema_migrations"."version" ASC[0m
Migrating to CreateUsers (20191004145649)
  [1m[35m (40.5ms)[0m  [1m[35mBEGIN[0m
  [1m[35m (13.5ms)[0m  [1m[35mCREATE TABLE "users" ("id" bigserial primary key, "username" character varying, "email" character varying, "password" character varying, "character_id" bigint NOT NULL, "inventory_id" bigint NOT NULL, "created_at" timestamp(6) NOT NULL, "updated_at" timestamp(6) NOT NULL, CONSTRAINT "fk_rails_f98257a15c"
FOREIGN KEY ("character_id")
  REFERENCES "characters" ("id")
, CONSTRAINT "fk_rails_b4debba161"
FOREIGN KEY ("inventory_id")
  REFERENCES "inventories" ("id")
)[0m
  [1m[35m (0.1ms)[0m  [1m[31mROLLBACK[0m
  [1m[35m (0.2ms)[0m  [1m[34mSELECT pg_advisory_unlock(474174990909085830)[0m
  [1m[35m (0.2ms)[0m  [1m[34mSELECT pg_try_advisory_lock(474174990909085830)[0m
  [1m[35m (0.6ms)[0m  [1m[34mSELECT "schema_migrations"."version" FROM "schema_migrations" ORDER BY "schema_migrations"."version" ASC[0m
Migrating to CreateCharacters (20191004153450)
  [1m[35m (0.2ms)[0m  [1m[35mBEGIN[0m
  [1m[35m (50.5ms)[0m  [1m[35mCREATE TABLE "characters" ("id" bigserial primary key, "level" integer, "exp" integer, "str" integer, "dex" integer, "cha" integer, "def" integer, "kno" integer, "inventory_id" bigint NOT NULL, "img" character varying, "created_at" timestamp(6) NOT NULL, "updated_at" timestamp(6) NOT NULL, CONSTRAINT "fk_rails_21a152d799"
FOREIGN KEY ("inventory_id")
  REFERENCES "inventories" ("id")
)[0m
  [1m[35m (0.3ms)[0m  [1m[31mROLLBACK[0m
  [1m[35m (0.2ms)[0m  [1m[34mSELECT pg_advisory_unlock(474174990909085830)[0m
  [1m[35m (0.2ms)[0m  [1m[34mSELECT pg_try_advisory_lock(474174990909085830)[0m
  [1m[35m (0.6ms)[0m  [1m[34mSELECT "schema_migrations"."version" FROM "schema_migrations" ORDER BY "schema_migrations"."version" ASC[0m
Migrating to CreateInventories (20191004154529)
  [1m[35m (0.3ms)[0m  [1m[34mSELECT pg_advisory_unlock(474174990909085830)[0m
  [1m[35m (0.4ms)[0m  [1m[34mSELECT pg_try_advisory_lock(474174990909085830)[0m
  [1m[35m (0.6ms)[0m  [1m[34mSELECT "schema_migrations"."version" FROM "schema_migrations" ORDER BY "schema_migrations"."version" ASC[0m
Migrating to CreateInventories (20191004154529)
  [1m[35m (0.3ms)[0m  [1m[34mSELECT pg_advisory_unlock(474174990909085830)[0m
  [1m[35m (0.2ms)[0m  [1m[34mSELECT pg_try_advisory_lock(474174990909085830)[0m
  [1m[35m (0.6ms)[0m  [1m[34mSELECT "schema_migrations"."version" FROM "schema_migrations" ORDER BY "schema_migrations"."version" ASC[0m
Migrating to CreateInventories (20191004154529)
  [1m[35m (0.2ms)[0m  [1m[35mBEGIN[0m
  [1m[35m (38.0ms)[0m  [1m[35mCREATE TABLE "inventories" ("id" bigserial primary key, "gold" integer, "name" character varying, "dmg_mod" float, "def_mod" float, "spec_attribute" character varying, "cost" float, "isweapon" boolean, "isarmor" boolean, "isitem" boolean, "created_at" timestamp(6) NOT NULL, "updated_at" timestamp(6) NOT NULL)[0m
  [1m[36mprimary::SchemaMigration Create (2.1ms)[0m  [1m[32mINSERT INTO "schema_migrations" ("version") VALUES ($1) RETURNING "version"[0m  [["version", "20191004154529"]]
  [1m[35m (0.5ms)[0m  [1m[35mCOMMIT[0m
Migrating to CreateCharacters (20191004154538)
  [1m[35m (40.7ms)[0m  [1m[35mBEGIN[0m
  [1m[35m (8.2ms)[0m  [1m[35mCREATE TABLE "characters" ("id" bigserial primary key, "level" integer, "exp" integer, "str" integer, "dex" integer, "cha" integer, "def" integer, "kno" integer, "inventory_id" bigint NOT NULL, "img" character varying, "created_at" timestamp(6) NOT NULL, "updated_at" timestamp(6) NOT NULL, CONSTRAINT "fk_rails_21a152d799"
FOREIGN KEY ("inventory_id")
  REFERENCES "inventories" ("id")
)[0m
  [1m[35m (1.5ms)[0m  [1m[35mCREATE  INDEX  "index_characters_on_inventory_id" ON "characters"  ("inventory_id")[0m
  [1m[36mprimary::SchemaMigration Create (0.3ms)[0m  [1m[32mINSERT INTO "schema_migrations" ("version") VALUES ($1) RETURNING "version"[0m  [["version", "20191004154538"]]
  [1m[35m (0.5ms)[0m  [1m[35mCOMMIT[0m
Migrating to CreateUsers (20191004154546)
  [1m[35m (24.5ms)[0m  [1m[35mBEGIN[0m
  [1m[35m (3.8ms)[0m  [1m[35mCREATE TABLE "users" ("id" bigserial primary key, "username" character varying, "email" character varying, "password" character varying, "characters_id" bigint NOT NULL, "created_at" timestamp(6) NOT NULL, "updated_at" timestamp(6) NOT NULL, CONSTRAINT "fk_rails_42f6dacf4b"
FOREIGN KEY ("characters_id")
  REFERENCES "characters" ("id")
)[0m
  [1m[35m (1.2ms)[0m  [1m[35mCREATE  INDEX  "index_users_on_characters_id" ON "users"  ("characters_id")[0m
  [1m[36mprimary::SchemaMigration Create (0.4ms)[0m  [1m[32mINSERT INTO "schema_migrations" ("version") VALUES ($1) RETURNING "version"[0m  [["version", "20191004154546"]]
  [1m[35m (2.5ms)[0m  [1m[35mCOMMIT[0m
  [1m[36mActiveRecord::InternalMetadata Load (0.8ms)[0m  [1m[34mSELECT "ar_internal_metadata".* FROM "ar_internal_metadata" WHERE "ar_internal_metadata"."key" = $1 LIMIT $2[0m  [["key", "environment"], ["LIMIT", 1]]
  [1m[35m (0.2ms)[0m  [1m[35mBEGIN[0m
  [1m[36mActiveRecord::InternalMetadata Create (1.1ms)[0m  [1m[32mINSERT INTO "ar_internal_metadata" ("key", "value", "created_at", "updated_at") VALUES ($1, $2, $3, $4) RETURNING "key"[0m  [["key", "environment"], ["value", "development"], ["created_at", "2019-10-04 15:47:40.339908"], ["updated_at", "2019-10-04 15:47:40.339908"]]
  [1m[35m (0.3ms)[0m  [1m[35mCOMMIT[0m
  [1m[35m (0.3ms)[0m  [1m[34mSELECT pg_advisory_unlock(474174990909085830)[0m
  [1m[35m (2.5ms)[0m  [1m[34mSELECT "schema_migrations"."version" FROM "schema_migrations" ORDER BY "schema_migrations"."version" ASC[0m
